Running in single GPU mode on device 0
Number of parameters: 2596906

start model training
Epoch 0 train loss: 4.949633622982285, val loss mse: 4.925866237282753, val loss l2re: 0.7865658700466156
Epoch 10 train loss: 0.2790920263664289, val loss mse: 0.2028638482093811, val loss l2re: 0.31477298885583876
Epoch 20 train loss: 0.19049943793903698, val loss mse: 0.4953519269824028, val loss l2re: 0.21470379829406738
Epoch 30 train loss: 0.14812388707968321, val loss mse: 0.10792896598577499, val loss l2re: 0.1780293419957161
Epoch 40 train loss: 0.14083289084109393, val loss mse: 0.1095490675419569, val loss l2re: 0.1679782822728157
Epoch 50 train loss: 0.09857719818299467, val loss mse: 0.18202238380908967, val loss l2re: 0.22688042372465134
Epoch 60 train loss: 0.06928145653483543, val loss mse: 0.08243159800767899, val loss l2re: 0.18216714709997178
Epoch 70 train loss: 0.08395870517600666, val loss mse: 0.0458712650462985, val loss l2re: 0.12465594932436944
Epoch 80 train loss: 0.04823763243515383, val loss mse: 0.050333411805331706, val loss l2re: 0.18550019934773446
Epoch 90 train loss: 0.046392334438860414, val loss mse: 0.05890166163444519, val loss l2re: 0.15087393149733544
Epoch 100 train loss: 0.03807152094827457, val loss mse: 0.03331985790282488, val loss l2re: 0.11203510016202926
Epoch 110 train loss: 0.03135486875914715, val loss mse: 0.029196422081440687, val loss l2re: 0.0973481647670269
Epoch 120 train loss: 0.02315550921484828, val loss mse: 0.0300898851826787, val loss l2re: 0.0971524365246296
Epoch 130 train loss: 0.01652211243794723, val loss mse: 0.020516707189381124, val loss l2re: 0.06880373246967793
Epoch 140 train loss: 0.012662910068915649, val loss mse: 0.015853765513747932, val loss l2re: 0.06396199390292168
Epoch 150 train loss: 0.011261084557256915, val loss mse: 0.014132389053702354, val loss l2re: 0.0619393028318882
Epoch 160 train loss: 0.00825382743708112, val loss mse: 0.011587662249803543, val loss l2re: 0.052727118134498596
Epoch 170 train loss: 0.0070772175126793705, val loss mse: 0.01055633658543229, val loss l2re: 0.04987873993813992
Epoch 180 train loss: 0.006364332291890274, val loss mse: 0.009911336982622743, val loss l2re: 0.04800257720053196
Epoch 190 train loss: 0.0060030818239531734, val loss mse: 0.009501350903883576, val loss l2re: 0.04720172882080078
Epoch 199 train loss: 0.005912350655787371, val loss mse: 0.009467220026999712, val loss l2re: 0.047102240473032
Number of parameters: 2596906.0
Time elapsed: 12792.75 seconds
✅ Final model saved to: ./trained_models/best_Transolver_seg_v5_model.pth