start model training
Epoch 0 train loss: 3.227618452093818, val loss mse: 1.5501821517944336, val loss l2re: 0.8298150837421417
Epoch 10 train loss: 0.3149318658492782, val loss mse: 0.2619570165872574, val loss l2re: 0.3932982087135315
Epoch 20 train loss: 0.16661565337668766, val loss mse: 0.22084670439362525, val loss l2re: 0.5263245195150376
Epoch 30 train loss: 0.13434877114539798, val loss mse: 0.12097155004739761, val loss l2re: 0.32964099794626234
Epoch 40 train loss: 0.11020859175107696, val loss mse: 0.12121106572449207, val loss l2re: 0.3765011139214039
Epoch 50 train loss: 0.08129084892570973, val loss mse: 0.10216642767190934, val loss l2re: 0.1781904801726341
Epoch 60 train loss: 0.10563477572392334, val loss mse: 0.20674282237887381, val loss l2re: 0.7626088857650757
Epoch 70 train loss: 0.10242902973497456, val loss mse: 0.07597325071692466, val loss l2re: 0.16691631227731704
Epoch 80 train loss: 0.04620341087945483, val loss mse: 0.048410653881728646, val loss l2re: 0.22609089836478233
Epoch 90 train loss: 0.042638186179101464, val loss mse: 0.05044731628149748, val loss l2re: 0.13341982588171958
Epoch 100 train loss: 0.032694498703561045, val loss mse: 0.0301377110183239, val loss l2re: 0.09571092873811722
Epoch 110 train loss: 0.03274615037000992, val loss mse: 0.02552896924316883, val loss l2re: 0.10058206021785736
Epoch 120 train loss: 0.024859706016088074, val loss mse: 0.022948027960956095, val loss l2re: 0.09274374693632126
Epoch 130 train loss: 0.019086384104395455, val loss mse: 0.023577969707548618, val loss l2re: 0.14020069167017937
Epoch 140 train loss: 0.01463068716058677, val loss mse: 0.018498311564326287, val loss l2re: 0.06749100461602212
Epoch 150 train loss: 0.013688334526324814, val loss mse: 0.01415514387190342, val loss l2re: 0.06200087890028953
Epoch 160 train loss: 0.01036447494036772, val loss mse: 0.013329144567251205, val loss l2re: 0.05999849215149879
Epoch 170 train loss: 0.009177123340354724, val loss mse: 0.012080020876601339, val loss l2re: 0.0547249149531126
Epoch 180 train loss: 0.008427927168932828, val loss mse: 0.012172234058380128, val loss l2re: 0.05298820696771145
Epoch 190 train loss: 0.008090780180116946, val loss mse: 0.01222107456997037, val loss l2re: 0.052613410353660586
Epoch 199 train loss: 0.00799013780514625, val loss mse: 0.012167976936325431, val loss l2re: 0.05254269279539585
Number of parameters: 1741738.0
Time elapsed: 14249.45 seconds
✅ Final model saved to: ./trained_models/best_Transolver_plus_model.pth
