🔄 Creating data loaders...
Data split:
  - Training: 140 simulations (indices: [46, 48, 55, 66, 77, 140, 171, 242, 245, 252, 259, 298, 318, 323, 409, 416, 461, 474, 487, 517, 520, 631, 642, 652, 677, 708, 739, 754, 788, 794, 853, 854, 862, 865, 898, 1010, 1017, 1081, 1091, 1093, 1098, 1273, 1342, 1377, 1421, 1426, 1430, 1433, 1441, 1463, 1490, 1496, 1502, 1507, 1525, 1539, 1562, 1565, 1662, 1664, 1695, 1702, 1711, 1785, 1822, 1836, 1837, 1901, 1931, 1944, 2049, 2065, 2070, 2079, 2088, 2117, 2125, 2188, 2193, 2198, 2204, 2242, 2258, 2270, 2338, 2380, 2404, 2462, 2501, 2526, 2532, 2563, 2582, 2660, 2662, 2694, 2706, 2719, 2783, 2788, 2791, 2867, 2870, 2875, 2900, 3026, 3048, 3079, 3137, 3138, 3161, 3184, 3291, 3326, 3328, 3342, 3349, 3389, 3428, 3487, 3488, 3502, 3513, 3516, 3532, 3546, 3637, 3650, 3658, 3671, 3680, 3704, 3719, 3816, 3833, 3843, 3848, 3849, 3874, 3889])
  - Validation: 20 simulations (indices: [211, 332, 551, 775, 910, 1320, 1443, 1541, 1713, 1951, 2129, 2280, 2536, 2729, 2952, 3236, 3451, 3555, 3757, 3892])
  - Testing: 40 simulations (indices: [215, 216, 354, 356, 575, 584, 780, 781, 920, 991, 1329, 1332, 1455, 1459, 1542, 1552, 1716, 1757, 1975, 2014, 2155, 2178, 2323, 2337, 2548, 2557, 2732, 2752, 2966, 2975, 3285, 3288, 3458, 3473, 3616, 3623, 3790, 3801, 3936, 3940])
  - Predicting: pressure

🏗️  Creating model...
Model parameters: 3868489

🎯 Starting training...
Using device: cuda
Starting training for 200 epochs (model_name='transolver_seg', assuming 'transolver' and coorf-only input)...
Epoch 1/200:
  Learning Rate: 8.129736e-07
  Train Loss: 0.902392
  Val Loss: 0.857398
  Val Relative Error: 0.703188
  ✅ New best model saved! (Relative Error: 0.703188)
Epoch 11/200:
  Learning Rate: 2.327823e-06
  Train Loss: 0.360521
  Val Loss: 0.409448
  Val Relative Error: 0.474306
  ✅ New best model saved! (Relative Error: 0.474306)
Epoch 21/200:
  Learning Rate: 5.976220e-06
  Train Loss: 0.246025
  Val Loss: 0.295649
  Val Relative Error: 0.394245
  ✅ New best model saved! (Relative Error: 0.394245)
Epoch 31/200:
  Learning Rate: 1.079386e-05
  Train Loss: 0.203561
  Val Loss: 0.256225
  Val Relative Error: 0.362787
  ✅ New best model saved! (Relative Error: 0.362787)
Epoch 41/200:
  Learning Rate: 1.550740e-05
  Train Loss: 0.182853
  Val Loss: 0.237698
  Val Relative Error: 0.346616
  ✅ New best model saved! (Relative Error: 0.346616)
Epoch 51/200:
  Learning Rate: 1.887101e-05
  Train Loss: 0.169334
  Val Loss: 0.223754
  Val Relative Error: 0.334113
  ✅ New best model saved! (Relative Error: 0.334113)
Epoch 61/200:
  Learning Rate: 1.999917e-05
  Train Loss: 0.154548
  Val Loss: 0.207811
  Val Relative Error: 0.318665
  ✅ New best model saved! (Relative Error: 0.318665)
Epoch 71/200:
  Learning Rate: 1.972352e-05
  Train Loss: 0.143734
  Val Loss: 0.201924
  Val Relative Error: 0.313084
  ✅ New best model saved! (Relative Error: 0.313084)
Epoch 81/200:
  Learning Rate: 1.896718e-05
  Train Loss: 0.128504
  Val Loss: 0.180672
  Val Relative Error: 0.290769
  ✅ New best model saved! (Relative Error: 0.290769)
Epoch 91/200:
  Learning Rate: 1.776754e-05
  Train Loss: 0.121134
  Val Loss: 0.176306
  Val Relative Error: 0.285595
  ✅ New best model saved! (Relative Error: 0.285595)
Epoch 101/200:
  Learning Rate: 1.618390e-05
  Train Loss: 0.114130
  Val Loss: 0.162981
  Val Relative Error: 0.270348
  ✅ New best model saved! (Relative Error: 0.270348)
Epoch 111/200:
  Learning Rate: 1.429456e-05
  Train Loss: 0.106046
  Val Loss: 0.162420
  Val Relative Error: 0.269964
  ✅ New best model saved! (Relative Error: 0.269964)
Epoch 121/200:
  Learning Rate: 1.219293e-05
  Train Loss: 0.101149
  Val Loss: 0.157012
  Val Relative Error: 0.263528
  ✅ New best model saved! (Relative Error: 0.263528)
Epoch 131/200:
  Learning Rate: 9.982894e-06
  Train Loss: 0.095624
  Val Loss: 0.151454
  Val Relative Error: 0.256394
  ✅ New best model saved! (Relative Error: 0.256394)
Epoch 141/200:
  Learning Rate: 7.773728e-06
  Train Loss: 0.092611
  Val Loss: 0.149750
  Val Relative Error: 0.254697
  ✅ New best model saved! (Relative Error: 0.254697)
Epoch 151/200:
  Learning Rate: 5.674645e-06
  Train Loss: 0.089167
  Val Loss: 0.148447
  Val Relative Error: 0.253124
  ✅ New best model saved! (Relative Error: 0.253124)
Epoch 161/200:
  Learning Rate: 3.789420e-06
  Train Loss: 0.085657
  Val Loss: 0.145374
  Val Relative Error: 0.248906
  ✅ New best model saved! (Relative Error: 0.248906)
Epoch 171/200:
  Learning Rate: 2.211256e-06
  Train Loss: 0.082901
  Val Loss: 0.140790
  Val Relative Error: 0.243034
  ✅ New best model saved! (Relative Error: 0.243034)
Epoch 181/200:
  Learning Rate: 1.018174e-06
  Train Loss: 0.080285
  Val Loss: 0.139864
  Val Relative Error: 0.241894
  ✅ New best model saved! (Relative Error: 0.241894)
Epoch 191/200:
  Learning Rate: 2.691592e-07
  Train Loss: 0.078477
  Val Loss: 0.138681
  Val Relative Error: 0.240249
  ✅ New best model saved! (Relative Error: 0.240249)
Training completed! Best validation relative error: 0.240249

🧪 Starting testing...

 Testing on training dataset...
Loaded model from trained_models/best_model_transolver_seg_pressure.pth
Test Results:
  Test Loss: 0.078384
  Test Relative Error: 0.215346

 Testing on validation dataset...
Loaded model from trained_models/best_model_transolver_seg_pressure.pth
Test Results:
  Test Loss: 0.138681
  Test Relative Error: 0.240249

 Testing on test dataset...
Loaded model from trained_models/best_model_transolver_seg_pressure.pth
Test Results:
  Test Loss: 0.090564
  Test Relative Error: 0.205732

✅ Pipeline completed!