🔄 Creating heatsink data loaders...
Found 625 heatsink samples.
Available heatsink sample indices: [0, 1, 2, 3, 4, 5, 6, 7, 8, 9, 10, 11, 12, 13, 14, 15, 16, 17, 18, 19, 20, 21, 22, 23, 24, 25, 26, 27, 28, 29, 30, 31, 32, 33, 34, 35, 36, 37, 38, 39, 40, 41, 42, 43, 44, 45, 46, 47, 48, 49, 50, 51, 52, 53, 54, 55, 56, 57, 58, 59, 60, 61, 62, 63, 64, 65, 66, 67, 68, 69, 70, 71, 72, 73, 74, 75, 76, 77, 78, 79, 80, 81, 82, 83, 84, 85, 86, 87, 88, 89, 90, 91, 92, 93, 94, 95, 96, 97, 98, 99, 100, 101, 102, 103, 104, 105, 106, 107, 108, 109, 110, 111, 112, 113, 114, 115, 116, 117, 118, 119, 120, 121, 122, 123, 124, 125, 126, 127, 128, 129, 130, 131, 132, 133, 134, 135, 136, 137, 138, 139, 140, 141, 142, 143, 144, 145, 146, 147, 148, 149, 150, 151, 152, 153, 154, 155, 156, 157, 158, 159, 160, 161, 162, 163, 164, 165, 166, 167, 168, 169, 170, 171, 172, 173, 174, 175, 176, 177, 178, 179, 180, 181, 182, 183, 184, 185, 186, 187, 188, 189, 190, 191, 192, 193, 194, 195, 196, 197, 198, 199, 200, 201, 202, 203, 204, 205, 206, 207, 208, 209, 210, 211, 212, 213, 214, 215, 216, 217, 218, 219, 220, 221, 222, 223, 224, 225, 226, 227, 228, 229, 230, 231, 232, 233, 234, 235, 236, 237, 238, 239, 240, 241, 242, 243, 244, 245, 246, 247, 248, 249, 250, 251, 252, 253, 254, 255, 256, 257, 258, 259, 260, 261, 262, 263, 264, 265, 266, 267, 268, 269, 270, 271, 272, 273, 274, 275, 276, 277, 278, 279, 280, 281, 282, 283, 284, 285, 286, 287, 288, 289, 290, 291, 292, 293, 294, 295, 296, 297, 298, 299, 300, 301, 302, 303, 304, 305, 306, 307, 308, 309, 310, 311, 312, 313, 314, 315, 316, 317, 318, 319, 320, 321, 322, 323, 324, 325, 326, 327, 328, 329, 330, 331, 332, 333, 334, 335, 336, 337, 338, 339, 340, 341, 342, 343, 344, 345, 346, 347, 348, 349, 350, 351, 352, 353, 354, 355, 356, 357, 358, 359, 360, 361, 362, 363, 364, 365, 366, 367, 368, 369, 370, 371, 372, 373, 374, 375, 376, 377, 378, 379, 380, 381, 382, 383, 384, 385, 386, 387, 388, 389, 390, 391, 392, 393, 394, 395, 396, 397, 398, 399, 400, 401, 402, 403, 404, 405, 406, 407, 408, 409, 410, 411, 412, 413, 414, 415, 416, 417, 418, 419, 420, 421, 422, 423, 424, 425, 426, 427, 428, 429, 430, 431, 432, 433, 434, 435, 436, 437, 438, 439, 440, 441, 442, 443, 444, 445, 446, 447, 448, 449, 450, 451, 452, 453, 454, 455, 456, 457, 458, 459, 460, 461, 462, 463, 464, 465, 466, 467, 468, 469, 470, 471, 472, 473, 474, 475, 476, 477, 478, 479, 480, 481, 482, 483, 484, 485, 486, 487, 488, 489, 490, 491, 492, 493, 494, 495, 496, 497, 498, 499, 500, 501, 502, 503, 504, 505, 506, 507, 508, 509, 510, 511, 512, 513, 514, 515, 516, 517, 518, 519, 520, 521, 522, 523, 524, 525, 526, 527, 528, 529, 530, 531, 532, 533, 534, 535, 536, 537, 538, 539, 540, 541, 542, 543, 544, 545, 546, 547, 548, 549, 550, 551, 552, 553, 554, 555, 556, 557, 558, 559, 560, 561, 562, 563, 564, 565, 566, 567, 568, 569, 570, 571, 572, 573, 574, 575, 576, 577, 578, 579, 580, 581, 582, 583, 584, 585, 586, 587, 588, 589, 590, 591, 592, 593, 594, 595, 596, 597, 598, 599, 600, 601, 602, 603, 604, 605, 606, 607, 608, 609, 610, 611, 612, 613, 614, 615, 616, 617, 618, 619, 620, 621, 622, 623, 624]
Heatsink data split:
  - Training:   439 simulations (indices: [0, 1, 2, 3, 4, 5, 6, 10, 11, 12, 13, 14, 15, 16, 20, 21, 22, 23, 24, 25, 26, 30, 31, 32, 33, 34, 35, 36, 40, 41, 42, 43, 44, 45, 46, 50, 51, 52, 53, 54, 55, 56, 60, 61, 62, 63, 64, 65, 66, 70, 71, 72, 73, 74, 75, 76, 80, 81, 82, 83, 84, 85, 86, 90, 91, 92, 93, 94, 95, 96, 100, 101, 102, 103, 104, 105, 106, 110, 111, 112, 113, 114, 115, 116, 120, 121, 122, 123, 124, 125, 126, 130, 131, 132, 133, 134, 135, 136, 140, 141, 142, 143, 144, 145, 146, 150, 151, 152, 153, 154, 155, 156, 160, 161, 162, 163, 164, 165, 166, 170, 171, 172, 173, 174, 175, 176, 180, 181, 182, 183, 184, 185, 186, 190, 191, 192, 193, 194, 195, 196, 200, 201, 202, 203, 204, 205, 206, 210, 211, 212, 213, 214, 215, 216, 220, 221, 222, 223, 224, 225, 226, 230, 231, 232, 233, 234, 235, 236, 240, 241, 242, 243, 244, 245, 246, 250, 251, 252, 253, 254, 255, 256, 260, 261, 262, 263, 264, 265, 266, 270, 271, 272, 273, 274, 275, 276, 280, 281, 282, 283, 284, 285, 286, 290, 291, 292, 293, 294, 295, 296, 300, 301, 302, 303, 304, 305, 306, 310, 311, 312, 313, 314, 315, 316, 320, 321, 322, 323, 324, 325, 326, 330, 331, 332, 333, 334, 335, 336, 340, 341, 342, 343, 344, 345, 346, 350, 351, 352, 353, 354, 355, 356, 360, 361, 362, 363, 364, 365, 366, 370, 371, 372, 373, 374, 375, 376, 380, 381, 382, 383, 384, 385, 386, 390, 391, 392, 393, 394, 395, 396, 400, 401, 402, 403, 404, 405, 406, 410, 411, 412, 413, 414, 415, 416, 420, 421, 422, 423, 424, 425, 426, 430, 431, 432, 433, 434, 435, 436, 440, 441, 442, 443, 444, 445, 446, 450, 451, 452, 453, 454, 455, 456, 460, 461, 462, 463, 464, 465, 466, 470, 471, 472, 473, 474, 475, 476, 480, 481, 482, 483, 484, 485, 486, 490, 491, 492, 493, 494, 495, 496, 500, 501, 502, 503, 504, 505, 506, 510, 511, 512, 513, 514, 515, 516, 520, 521, 522, 523, 524, 525, 526, 530, 531, 532, 533, 534, 535, 536, 540, 541, 542, 543, 544, 545, 546, 550, 551, 552, 553, 554, 555, 556, 560, 561, 562, 563, 564, 565, 566, 570, 571, 572, 573, 574, 575, 576, 580, 581, 582, 583, 584, 585, 586, 590, 591, 592, 593, 594, 595, 596, 600, 601, 602, 603, 604, 605, 606, 610, 611, 612, 613, 614, 615, 616, 620, 621, 622, 623, 624])
  - Validation: 62 simulations (indices: [7, 17, 27, 37, 47, 57, 67, 77, 87, 97, 107, 117, 127, 137, 147, 157, 167, 177, 187, 197, 207, 217, 227, 237, 247, 257, 267, 277, 287, 297, 307, 317, 327, 337, 347, 357, 367, 377, 387, 397, 407, 417, 427, 437, 447, 457, 467, 477, 487, 497, 507, 517, 527, 537, 547, 557, 567, 577, 587, 597, 607, 617])
  - Testing:    124 simulations (indices: [8, 9, 18, 19, 28, 29, 38, 39, 48, 49, 58, 59, 68, 69, 78, 79, 88, 89, 98, 99, 108, 109, 118, 119, 128, 129, 138, 139, 148, 149, 158, 159, 168, 169, 178, 179, 188, 189, 198, 199, 208, 209, 218, 219, 228, 229, 238, 239, 248, 249, 258, 259, 268, 269, 278, 279, 288, 289, 298, 299, 308, 309, 318, 319, 328, 329, 338, 339, 348, 349, 358, 359, 368, 369, 378, 379, 388, 389, 398, 399, 408, 409, 418, 419, 428, 429, 438, 439, 448, 449, 458, 459, 468, 469, 478, 479, 488, 489, 498, 499, 508, 509, 518, 519, 528, 529, 538, 539, 548, 549, 558, 559, 568, 569, 578, 579, 588, 589, 598, 599, 608, 609, 618, 619])

🏗️  Creating transolver_seg model for heatsink...
Model parameters: 4527177

🎯 Starting heatsink training...
Using device: cuda
Starting heatsink transolver_seg training for 200 epochs...
Epoch 1/200:
  Learning Rate: 4.065489e-06
  Train Loss: 0.009382
  Val Loss: 0.005963
  Val Relative Error: 0.388778
  ✅ New best model saved! (Relative Error: 0.388778)
Epoch 11/200:
  Learning Rate: 1.171019e-05
  Train Loss: 0.005701
  Val Loss: 0.003819
  Val Relative Error: 0.226611
  ✅ New best model saved! (Relative Error: 0.226611)
Epoch 21/200:
  Learning Rate: 3.010342e-05
  Train Loss: 0.005498
  Val Loss: 0.002934
  Val Relative Error: 0.198426
  ✅ New best model saved! (Relative Error: 0.198426)
Epoch 31/200:
  Learning Rate: 5.433822e-05
  Train Loss: 0.003837
  Val Loss: 0.002482
  Val Relative Error: 0.225611
Epoch 41/200:
  Learning Rate: 7.794923e-05
  Train Loss: 0.003461
  Val Loss: 0.003361
  Val Relative Error: 0.259617
Epoch 51/200:
  Learning Rate: 9.463750e-05
  Train Loss: 0.002837
  Val Loss: 0.002264
  Val Relative Error: 0.175785
  ✅ New best model saved! (Relative Error: 0.175785)
Epoch 61/200:
  Learning Rate: 9.999061e-05
  Train Loss: 0.002374
  Val Loss: 0.002339
  Val Relative Error: 0.174872
  ✅ New best model saved! (Relative Error: 0.174872)
Epoch 71/200:
  Learning Rate: 9.852784e-05
  Train Loss: 0.001853
  Val Loss: 0.002251
  Val Relative Error: 0.141079
  ✅ New best model saved! (Relative Error: 0.141079)
Epoch 81/200:
  Learning Rate: 9.464278e-05
  Train Loss: 0.001151
  Val Loss: 0.000364
  Val Relative Error: 0.084548
  ✅ New best model saved! (Relative Error: 0.084548)
Epoch 91/200:
  Learning Rate: 8.852937e-05
  Train Loss: 0.000555
  Val Loss: 0.000314
  Val Relative Error: 0.064444
  ✅ New best model saved! (Relative Error: 0.064444)
Epoch 101/200:
  Learning Rate: 8.049277e-05
  Train Loss: 0.000416
  Val Loss: 0.000151
  Val Relative Error: 0.053952
  ✅ New best model saved! (Relative Error: 0.053952)
Epoch 111/200:
  Learning Rate: 7.093415e-05
  Train Loss: 0.000324
  Val Loss: 0.000198
  Val Relative Error: 0.052996
  ✅ New best model saved! (Relative Error: 0.052996)
Epoch 121/200:
  Learning Rate: 6.033065e-05
  Train Loss: 0.000210
  Val Loss: 0.000104
  Val Relative Error: 0.038348
  ✅ New best model saved! (Relative Error: 0.038348)
Epoch 131/200:
  Learning Rate: 4.921157e-05
  Train Loss: 0.000223
  Val Loss: 0.000057
  Val Relative Error: 0.031293
  ✅ New best model saved! (Relative Error: 0.031293)
Epoch 141/200:
  Learning Rate: 3.813194e-05
  Train Loss: 0.000115
  Val Loss: 0.000098
  Val Relative Error: 0.034672
Epoch 151/200:
  Learning Rate: 2.764484e-05
  Train Loss: 0.000074
  Val Loss: 0.000039
  Val Relative Error: 0.023726
  ✅ New best model saved! (Relative Error: 0.023726)
Epoch 161/200:
  Learning Rate: 1.827375e-05
  Train Loss: 0.000053
  Val Loss: 0.000040
  Val Relative Error: 0.024115
Epoch 171/200:
  Learning Rate: 1.048645e-05
  Train Loss: 0.000031
  Val Loss: 0.000044
  Val Relative Error: 0.024696
Epoch 181/200:
  Learning Rate: 4.671674e-06
  Train Loss: 0.000026
  Val Loss: 0.000033
  Val Relative Error: 0.021370
  ✅ New best model saved! (Relative Error: 0.021370)
Epoch 191/200:
  Learning Rate: 1.119669e-06
  Train Loss: 0.000022
  Val Loss: 0.000031
  Val Relative Error: 0.019227
  ✅ New best model saved! (Relative Error: 0.019227)
Training completed! Best validation relative error: 0.019227

🧪 Evaluating on train / val / test splits...

  Testing on training set...
Loaded model from trained_models_heatsink/best_model.pth
Test Results (heatsink transolver_seg):
  Test Loss: 0.000022
  Test Relative Error: 0.085444

  Testing on validation set...
Loaded model from trained_models_heatsink/best_model.pth
Test Results (heatsink transolver_seg):
  Test Loss: 0.000031
  Test Relative Error: 0.019227

  Testing on test set...
Loaded model from trained_models_heatsink/best_model.pth
Test Results (heatsink transolver_seg):
  Test Loss: 0.000034
  Test Relative Error: 0.024774

✅ Heatsink pipeline completed!
